Determining if the pthread_create exist failed with the following output:
Change Dir: /home/mikhail/workspace/CMakeFiles/CMakeTmp

Run Build Command:"/usr/bin/make" "cmTC_3b41e/fast"
/usr/bin/make -f CMakeFiles/cmTC_3b41e.dir/build.make CMakeFiles/cmTC_3b41e.dir/build
make[1]: Entering directory '/home/mikhail/workspace/CMakeFiles/CMakeTmp'
Building C object CMakeFiles/cmTC_3b41e.dir/CheckSymbolExists.c.o
/usr/bin/cc    -o CMakeFiles/cmTC_3b41e.dir/CheckSymbolExists.c.o   -c /home/mikhail/workspace/CMakeFiles/CMakeTmp/CheckSymbolExists.c
Linking C executable cmTC_3b41e
/usr/bin/cmake -E cmake_link_script CMakeFiles/cmTC_3b41e.dir/link.txt --verbose=1
/usr/bin/cc      -rdynamic CMakeFiles/cmTC_3b41e.dir/CheckSymbolExists.c.o  -o cmTC_3b41e 
CMakeFiles/cmTC_3b41e.dir/CheckSymbolExists.c.o: In function `main':
CheckSymbolExists.c:(.text+0x1b): undefined reference to `pthread_create'
collect2: error: ld returned 1 exit status
CMakeFiles/cmTC_3b41e.dir/build.make:97: recipe for target 'cmTC_3b41e' failed
make[1]: *** [cmTC_3b41e] Error 1
make[1]: Leaving directory '/home/mikhail/workspace/CMakeFiles/CMakeTmp'
Makefile:126: recipe for target 'cmTC_3b41e/fast' failed
make: *** [cmTC_3b41e/fast] Error 2

File /home/mikhail/workspace/CMakeFiles/CMakeTmp/CheckSymbolExists.c:
/* */
#include <pthread.h>

int main(int argc, char** argv)
{
  (void)argv;
#ifndef pthread_create
  return ((int*)(&pthread_create))[argc];
#else
  (void)argc;
  return 0;
#endif
}

Determining if the function pthread_create exists in the pthreads failed with the following output:
Change Dir: /home/mikhail/workspace/CMakeFiles/CMakeTmp

Run Build Command:"/usr/bin/make" "cmTC_4e31a/fast"
/usr/bin/make -f CMakeFiles/cmTC_4e31a.dir/build.make CMakeFiles/cmTC_4e31a.dir/build
make[1]: Entering directory '/home/mikhail/workspace/CMakeFiles/CMakeTmp'
Building C object CMakeFiles/cmTC_4e31a.dir/CheckFunctionExists.c.o
/usr/bin/cc   -DCHECK_FUNCTION_EXISTS=pthread_create   -o CMakeFiles/cmTC_4e31a.dir/CheckFunctionExists.c.o   -c /usr/share/cmake-3.10/Modules/CheckFunctionExists.c
Linking C executable cmTC_4e31a
/usr/bin/cmake -E cmake_link_script CMakeFiles/cmTC_4e31a.dir/link.txt --verbose=1
/usr/bin/cc  -DCHECK_FUNCTION_EXISTS=pthread_create    -rdynamic CMakeFiles/cmTC_4e31a.dir/CheckFunctionExists.c.o  -o cmTC_4e31a -lpthreads 
/usr/bin/ld: cannot find -lpthreads
collect2: error: ld returned 1 exit status
CMakeFiles/cmTC_4e31a.dir/build.make:97: recipe for target 'cmTC_4e31a' failed
make[1]: *** [cmTC_4e31a] Error 1
make[1]: Leaving directory '/home/mikhail/workspace/CMakeFiles/CMakeTmp'
Makefile:126: recipe for target 'cmTC_4e31a/fast' failed
make: *** [cmTC_4e31a/fast] Error 2


